\BOOKMARK [0][-]{chapter.1}{\376\377\0001\000\040\000P\000r\000o\000j\000e\000c\000t\000\040\0003}{}% 1
\BOOKMARK [1][-]{subsection.1.0.1}{\376\377\0001\000.\0000\000.\0001\000\040\000A\000u\000t\000h\000o\000r}{chapter.1}% 2
\BOOKMARK [2][-]{subsection.1.0.2}{\376\377\0001\000.\0000\000.\0002\000\040\000D\000a\000t\000e\000\040\000C\000r\000e\000a\000t\000e\000d}{subsection.1.0.1}% 3
\BOOKMARK [0][-]{chapter.2}{\376\377\0002\000\040\000F\000i\000l\000e\000\040\000I\000n\000d\000e\000x}{}% 4
\BOOKMARK [1][-]{section.2.1}{\376\377\0002\000.\0001\000\040\000F\000i\000l\000e\000\040\000L\000i\000s\000t}{chapter.2}% 5
\BOOKMARK [0][-]{chapter.3}{\376\377\0003\000\040\000F\000i\000l\000e\000\040\000D\000o\000c\000u\000m\000e\000n\000t\000a\000t\000i\000o\000n}{}% 6
\BOOKMARK [1][-]{section.3.1}{\376\377\0003\000.\0001\000\040\000I\000R\000l\000i\000b\000.\000c\000\040\000F\000i\000l\000e\000\040\000R\000e\000f\000e\000r\000e\000n\000c\000e}{chapter.3}% 7
\BOOKMARK [2][-]{subsection.3.1.1}{\376\377\0003\000.\0001\000.\0001\000\040\000D\000e\000t\000a\000i\000l\000e\000d\000\040\000D\000e\000s\000c\000r\000i\000p\000t\000i\000o\000n}{section.3.1}% 8
\BOOKMARK [2][-]{subsection.3.1.2}{\376\377\0003\000.\0001\000.\0002\000\040\000F\000u\000n\000c\000t\000i\000o\000n\000\040\000D\000o\000c\000u\000m\000e\000n\000t\000a\000t\000i\000o\000n}{section.3.1}% 9
\BOOKMARK [3][-]{subsubsection.3.1.2.1}{\376\377\0003\000.\0001\000.\0002\000.\0001\000\040\000I\0002\000C\0001\000\137\000I\000R\000\137\000R\000e\000a\000d\000\050\000\051}{subsection.3.1.2}% 10
\BOOKMARK [1][-]{section.3.2}{\376\377\0003\000.\0002\000\040\000I\000R\000l\000i\000b\000.\000h\000\040\000F\000i\000l\000e\000\040\000R\000e\000f\000e\000r\000e\000n\000c\000e}{chapter.3}% 11
\BOOKMARK [2][-]{subsection.3.2.1}{\376\377\0003\000.\0002\000.\0001\000\040\000D\000e\000t\000a\000i\000l\000e\000d\000\040\000D\000e\000s\000c\000r\000i\000p\000t\000i\000o\000n}{section.3.2}% 12
\BOOKMARK [2][-]{subsection.3.2.2}{\376\377\0003\000.\0002\000.\0002\000\040\000F\000u\000n\000c\000t\000i\000o\000n\000\040\000D\000o\000c\000u\000m\000e\000n\000t\000a\000t\000i\000o\000n}{section.3.2}% 13
\BOOKMARK [3][-]{subsubsection.3.2.2.1}{\376\377\0003\000.\0002\000.\0002\000.\0001\000\040\000I\0002\000C\0001\000\137\000I\000R\000\137\000R\000e\000a\000d\000\050\000\051}{subsection.3.2.2}% 14
\BOOKMARK [1][-]{section.3.3}{\376\377\0003\000.\0003\000\040\000L\000C\000D\000l\000i\000b\000.\000c\000\040\000F\000i\000l\000e\000\040\000R\000e\000f\000e\000r\000e\000n\000c\000e}{chapter.3}% 15
\BOOKMARK [2][-]{subsection.3.3.1}{\376\377\0003\000.\0003\000.\0001\000\040\000D\000e\000t\000a\000i\000l\000e\000d\000\040\000D\000e\000s\000c\000r\000i\000p\000t\000i\000o\000n}{section.3.3}% 16
\BOOKMARK [2][-]{subsection.3.3.2}{\376\377\0003\000.\0003\000.\0002\000\040\000F\000u\000n\000c\000t\000i\000o\000n\000\040\000D\000o\000c\000u\000m\000e\000n\000t\000a\000t\000i\000o\000n}{section.3.3}% 17
\BOOKMARK [3][-]{subsubsection.3.3.2.1}{\376\377\0003\000.\0003\000.\0002\000.\0001\000\040\000b\000u\000s\000y\000L\000C\000D\000\050\000\051}{subsection.3.3.2}% 18
\BOOKMARK [3][-]{subsubsection.3.3.2.2}{\376\377\0003\000.\0003\000.\0002\000.\0002\000\040\000L\000C\000D\000\137\000c\000l\000e\000a\000r\000\050\000\051}{subsection.3.3.2}% 19
\BOOKMARK [3][-]{subsubsection.3.3.2.3}{\376\377\0003\000.\0003\000.\0002\000.\0003\000\040\000L\000C\000D\000\137\000c\000l\000e\000a\000r\000l\000i\000n\000e\000\050\000\051}{subsection.3.3.2}% 20
\BOOKMARK [3][-]{subsubsection.3.3.2.4}{\376\377\0003\000.\0003\000.\0002\000.\0004\000\040\000L\000C\000D\000\137\000d\000e\000l\000a\000y\000\050\000\051}{subsection.3.3.2}% 21
\BOOKMARK [3][-]{subsubsection.3.3.2.5}{\376\377\0003\000.\0003\000.\0002\000.\0005\000\040\000L\000C\000D\000\137\000i\000n\000i\000t\000\050\000\051}{subsection.3.3.2}% 22
\BOOKMARK [3][-]{subsubsection.3.3.2.6}{\376\377\0003\000.\0003\000.\0002\000.\0006\000\040\000L\000C\000D\000\137\000p\000u\000t\000c\000\050\000\051}{subsection.3.3.2}% 23
\BOOKMARK [3][-]{subsubsection.3.3.2.7}{\376\377\0003\000.\0003\000.\0002\000.\0007\000\040\000L\000C\000D\000\137\000p\000u\000t\000s\000\050\000\051}{subsection.3.3.2}% 24
\BOOKMARK [3][-]{subsubsection.3.3.2.8}{\376\377\0003\000.\0003\000.\0002\000.\0008\000\040\000L\000C\000D\000\137\000s\000e\000t\000\137\000c\000u\000r\000s\000o\000r\000\137\000p\000o\000s\000\050\000\051}{subsection.3.3.2}% 25
\BOOKMARK [3][-]{subsubsection.3.3.2.9}{\376\377\0003\000.\0003\000.\0002\000.\0009\000\040\000r\000e\000a\000d\000L\000C\000D\000\050\000\051}{subsection.3.3.2}% 26
\BOOKMARK [3][-]{subsubsection.3.3.2.10}{\376\377\0003\000.\0003\000.\0002\000.\0001\0000\000\040\000w\000r\000i\000t\000e\000L\000C\000D\000\050\000\051}{subsection.3.3.2}% 27
\BOOKMARK [1][-]{section.3.4}{\376\377\0003\000.\0004\000\040\000L\000C\000D\000l\000i\000b\000.\000h\000\040\000F\000i\000l\000e\000\040\000R\000e\000f\000e\000r\000e\000n\000c\000e}{chapter.3}% 28
\BOOKMARK [2][-]{subsection.3.4.1}{\376\377\0003\000.\0004\000.\0001\000\040\000D\000e\000t\000a\000i\000l\000e\000d\000\040\000D\000e\000s\000c\000r\000i\000p\000t\000i\000o\000n}{section.3.4}% 29
\BOOKMARK [2][-]{subsection.3.4.2}{\376\377\0003\000.\0004\000.\0002\000\040\000F\000u\000n\000c\000t\000i\000o\000n\000\040\000D\000o\000c\000u\000m\000e\000n\000t\000a\000t\000i\000o\000n}{section.3.4}% 30
\BOOKMARK [3][-]{subsubsection.3.4.2.1}{\376\377\0003\000.\0004\000.\0002\000.\0001\000\040\000b\000u\000s\000y\000L\000C\000D\000\050\000\051}{subsection.3.4.2}% 31
\BOOKMARK [3][-]{subsubsection.3.4.2.2}{\376\377\0003\000.\0004\000.\0002\000.\0002\000\040\000L\000C\000D\000\137\000c\000l\000e\000a\000r\000\050\000\051}{subsection.3.4.2}% 32
\BOOKMARK [3][-]{subsubsection.3.4.2.3}{\376\377\0003\000.\0004\000.\0002\000.\0003\000\040\000L\000C\000D\000\137\000c\000l\000e\000a\000r\000l\000i\000n\000e\000\050\000\051}{subsection.3.4.2}% 33
\BOOKMARK [3][-]{subsubsection.3.4.2.4}{\376\377\0003\000.\0004\000.\0002\000.\0004\000\040\000L\000C\000D\000\137\000d\000e\000l\000a\000y\000\050\000\051}{subsection.3.4.2}% 34
\BOOKMARK [3][-]{subsubsection.3.4.2.5}{\376\377\0003\000.\0004\000.\0002\000.\0005\000\040\000L\000C\000D\000\137\000i\000n\000i\000t\000\050\000\051}{subsection.3.4.2}% 35
\BOOKMARK [3][-]{subsubsection.3.4.2.6}{\376\377\0003\000.\0004\000.\0002\000.\0006\000\040\000L\000C\000D\000\137\000p\000u\000t\000c\000\050\000\051}{subsection.3.4.2}% 36
\BOOKMARK [3][-]{subsubsection.3.4.2.7}{\376\377\0003\000.\0004\000.\0002\000.\0007\000\040\000L\000C\000D\000\137\000p\000u\000t\000s\000\050\000\051}{subsection.3.4.2}% 37
\BOOKMARK [3][-]{subsubsection.3.4.2.8}{\376\377\0003\000.\0004\000.\0002\000.\0008\000\040\000L\000C\000D\000\137\000s\000e\000t\000\137\000c\000u\000r\000s\000o\000r\000\137\000p\000o\000s\000\050\000\051}{subsection.3.4.2}% 38
\BOOKMARK [3][-]{subsubsection.3.4.2.9}{\376\377\0003\000.\0004\000.\0002\000.\0009\000\040\000r\000e\000a\000d\000L\000C\000D\000\050\000\051}{subsection.3.4.2}% 39
\BOOKMARK [3][-]{subsubsection.3.4.2.10}{\376\377\0003\000.\0004\000.\0002\000.\0001\0000\000\040\000w\000r\000i\000t\000e\000L\000C\000D\000\050\000\051}{subsection.3.4.2}% 40
\BOOKMARK [1][-]{section.3.5}{\376\377\0003\000.\0005\000\040\000m\000a\000i\000n\000.\000c\000\040\000F\000i\000l\000e\000\040\000R\000e\000f\000e\000r\000e\000n\000c\000e}{chapter.3}% 41
\BOOKMARK [2][-]{subsection.3.5.1}{\376\377\0003\000.\0005\000.\0001\000\040\000D\000e\000t\000a\000i\000l\000e\000d\000\040\000D\000e\000s\000c\000r\000i\000p\000t\000i\000o\000n}{section.3.5}% 42
\BOOKMARK [2][-]{subsection.3.5.2}{\376\377\0003\000.\0005\000.\0002\000\040\000F\000u\000n\000c\000t\000i\000o\000n\000\040\000D\000o\000c\000u\000m\000e\000n\000t\000a\000t\000i\000o\000n}{section.3.5}% 43
\BOOKMARK [3][-]{subsubsection.3.5.2.1}{\376\377\0003\000.\0005\000.\0002\000.\0001\000\040\000c\000n\000\137\000i\000n\000t\000e\000r\000r\000u\000p\000t\000\137\000i\000n\000i\000t\000i\000a\000l\000i\000z\000e\000\050\000\051}{subsection.3.5.2}% 44
\BOOKMARK [3][-]{subsubsection.3.5.2.2}{\376\377\0003\000.\0005\000.\0002\000.\0002\000\040\000C\000N\000\137\000I\000S\000R\000\137\000h\000a\000n\000d\000l\000e\000r\000\050\000\051}{subsection.3.5.2}% 45
\BOOKMARK [3][-]{subsubsection.3.5.2.3}{\376\377\0003\000.\0005\000.\0002\000.\0003\000\040\000g\000e\000n\000e\000r\000a\000t\000e\000C\000N\000I\000n\000t\000\050\000\051}{subsection.3.5.2}% 46
\BOOKMARK [3][-]{subsubsection.3.5.2.4}{\376\377\0003\000.\0005\000.\0002\000.\0004\000\040\000P\000M\000P\000\137\000i\000n\000i\000t\000\050\000\051}{subsection.3.5.2}% 47
\BOOKMARK [3][-]{subsubsection.3.5.2.5}{\376\377\0003\000.\0005\000.\0002\000.\0005\000\040\000p\000r\000i\000n\000t\000T\000o\000L\000C\000D\000\050\000\051}{subsection.3.5.2}% 48
\BOOKMARK [3][-]{subsubsection.3.5.2.6}{\376\377\0003\000.\0005\000.\0002\000.\0006\000\040\000p\000r\000v\000S\000e\000t\000u\000p\000H\000a\000r\000d\000w\000a\000r\000e\000\050\000\051}{subsection.3.5.2}% 49
\BOOKMARK [3][-]{subsubsection.3.5.2.7}{\376\377\0003\000.\0005\000.\0002\000.\0007\000\040\000r\000e\000a\000d\000A\000n\000d\000S\000a\000v\000e\000T\000e\000m\000p\000e\000r\000a\000t\000u\000r\000e\000\050\000\051}{subsection.3.5.2}% 50
\BOOKMARK [3][-]{subsubsection.3.5.2.8}{\376\377\0003\000.\0005\000.\0002\000.\0008\000\040\000t\000o\000g\000g\000l\000e\000L\000E\000D\000A\000\050\000\051}{subsection.3.5.2}% 51
\BOOKMARK [0][-]{section*.8}{\376\377\000I\000n\000d\000e\000x}{}% 52
